<?xml version="1.0" encoding="utf-8" standalone="yes"?>
<coverage line-rate="0.6657997399219766" branch-rate="0.8026315789473685" complexity="299" version="1.9" timestamp="1738948008" lines-covered="512" lines-valid="769" branches-covered="122" branches-valid="152">
  <sources>
    <source>/home/runner/work/opss-par-v4/opss-par-v4/</source>
    <source>/home/runner/work/opss-par-v4/opss-par-v4/Api/Core/Opss.PrimaryAuthorityRegister.Api.Domain/</source>
  </sources>
  <packages>
    <package line-rate="0.36470588235294116" branch-rate="1" complexity="48" name="Opss.PrimaryAuthorityRegister.Api.Persistence">
      <classes>
        <class line-rate="1" branch-rate="1" complexity="7" name="Opss.PrimaryAuthorityRegister.Api.Persistence.Repositories.GenericRepository`1" filename="Api/Infrastructure/Opss.PrimaryAuthorityRegister.Api.Persistence/Repositories/GenericRepository.cs">
          <methods>
            <method line-rate="1" branch-rate="1" complexity="1" name="get_Entities" signature="()">
              <lines>
                <line number="16" hits="1" branch="False" />
              </lines>
            </method>
            <method line-rate="1" branch-rate="1" complexity="1" name="DeleteAsync" signature="(T)">
              <lines>
                <line number="26" hits="1" branch="False" />
                <line number="27" hits="1" branch="False" />
              </lines>
            </method>
            <method line-rate="1" branch-rate="1" complexity="2" name="DeleteByIdAsync" signature="(System.Guid)">
              <lines>
                <line number="32" hits="1" branch="False" />
                <line number="34" hits="1" branch="True" condition-coverage="100% (2/2)">
                  <conditions>
                    <condition number="27" type="jump" coverage="100%" />
                  </conditions>
                </line>
                <line number="36" hits="1" branch="False" />
                <line number="39" hits="1" branch="False" />
              </lines>
            </method>
            <method line-rate="1" branch-rate="1" complexity="2" name="UpdateAsync" signature="(T)">
              <lines>
                <line number="49" hits="1" branch="False" />
                <line number="51" hits="1" branch="False" />
                <line number="53" hits="1" branch="True" condition-coverage="100% (2/2)">
                  <conditions>
                    <condition number="53" type="jump" coverage="100%" />
                  </conditions>
                </line>
                <line number="55" hits="1" branch="False" />
                <line number="58" hits="1" branch="False" />
              </lines>
            </method>
            <method line-rate="1" branch-rate="1" complexity="1" name=".ctor" signature="(Opss.PrimaryAuthorityRegister.Api.Persistence.Contexts.ApplicationDbContext)">
              <lines>
                <line number="11" hits="1" branch="False" />
                <line number="13" hits="1" branch="False" />
                <line number="14" hits="1" branch="False" />
              </lines>
            </method>
          </methods>
          <lines>
            <line number="11" hits="1" branch="False" />
            <line number="13" hits="1" branch="False" />
            <line number="14" hits="1" branch="False" />
            <line number="16" hits="1" branch="False" />
            <line number="26" hits="1" branch="False" />
            <line number="27" hits="1" branch="False" />
            <line number="32" hits="1" branch="False" />
            <line number="34" hits="1" branch="True" condition-coverage="100% (2/2)">
              <conditions>
                <condition number="27" type="jump" coverage="100%" />
              </conditions>
            </line>
            <line number="36" hits="1" branch="False" />
            <line number="39" hits="1" branch="False" />
            <line number="49" hits="1" branch="False" />
            <line number="51" hits="1" branch="False" />
            <line number="53" hits="1" branch="True" condition-coverage="100% (2/2)">
              <conditions>
                <condition number="53" type="jump" coverage="100%" />
              </conditions>
            </line>
            <line number="55" hits="1" branch="False" />
            <line number="58" hits="1" branch="False" />
          </lines>
        </class>
        <class line-rate="1" branch-rate="1" complexity="1" name="Opss.PrimaryAuthorityRegister.Api.Persistence.Repositories.GenericRepository`1/&lt;AddAsync&gt;d__4" filename="Api/Infrastructure/Opss.PrimaryAuthorityRegister.Api.Persistence/Repositories/GenericRepository.cs">
          <methods>
            <method line-rate="1" branch-rate="1" complexity="1" name="MoveNext" signature="()">
              <lines>
                <line number="20" hits="1" branch="False" />
                <line number="21" hits="1" branch="False" />
                <line number="22" hits="1" branch="False" />
              </lines>
            </method>
          </methods>
          <lines>
            <line number="20" hits="1" branch="False" />
            <line number="21" hits="1" branch="False" />
            <line number="22" hits="1" branch="False" />
          </lines>
        </class>
        <class line-rate="1" branch-rate="1" complexity="1" name="Opss.PrimaryAuthorityRegister.Api.Persistence.Repositories.GenericRepository`1/&lt;GetByIdAsync&gt;d__7" filename="Api/Infrastructure/Opss.PrimaryAuthorityRegister.Api.Persistence/Repositories/GenericRepository.cs">
          <methods>
            <method line-rate="1" branch-rate="1" complexity="1" name="MoveNext" signature="()">
              <lines>
                <line number="44" hits="1" branch="False" />
                <line number="45" hits="1" branch="False" />
              </lines>
            </method>
          </methods>
          <lines>
            <line number="44" hits="1" branch="False" />
            <line number="45" hits="1" branch="False" />
          </lines>
        </class>
        <class line-rate="1" branch-rate="1" complexity="14" name="Opss.PrimaryAuthorityRegister.Api.Persistence.Repositories.UnitOfWork" filename="Api/Infrastructure/Opss.PrimaryAuthorityRegister.Api.Persistence/Repositories/UnitOfWork.cs">
          <methods>
            <method line-rate="1" branch-rate="1" complexity="4" name="Repository" signature="()">
              <lines>
                <line number="24" hits="1" branch="True" condition-coverage="100% (2/2)">
                  <conditions>
                    <condition number="6" type="jump" coverage="100%" />
                  </conditions>
                </line>
                <line number="26" hits="1" branch="False" />
                <line number="28" hits="1" branch="True" condition-coverage="100% (2/2)">
                  <conditions>
                    <condition number="47" type="jump" coverage="100%" />
                  </conditions>
                </line>
                <line number="30" hits="1" branch="False" />
                <line number="32" hits="1" branch="False" />
                <line number="34" hits="1" branch="False" />
                <line number="37" hits="1" branch="False" />
                <line number="39" hits="1" branch="False" />
              </lines>
            </method>
            <method line-rate="1" branch-rate="1" complexity="6" name="Rollback" signature="()">
              <lines>
                <line number="44" hits="1" branch="True" condition-coverage="100% (2/2)">
                  <conditions>
                    <condition number="98" type="jump" coverage="100%" />
                  </conditions>
                </line>
                <line number="46" hits="1" branch="True" condition-coverage="100% (4/4)">
                  <conditions>
                    <condition number="47" type="switch" coverage="100%" />
                  </conditions>
                </line>
                <line number="49" hits="1" branch="False" />
                <line number="50" hits="1" branch="False" />
                <line number="52" hits="1" branch="False" />
                <line number="53" hits="1" branch="False" />
                <line number="55" hits="1" branch="False" />
                <line number="59" hits="1" branch="False" />
              </lines>
            </method>
            <method line-rate="1" branch-rate="1" complexity="1" name="Dispose" signature="()">
              <lines>
                <line number="69" hits="1" branch="False" />
                <line number="70" hits="1" branch="False" />
                <line number="71" hits="1" branch="False" />
              </lines>
            </method>
            <method line-rate="1" branch-rate="1" complexity="2" name="Dispose" signature="(System.Boolean)">
              <lines>
                <line number="75" hits="1" branch="True" condition-coverage="100% (2/2)">
                  <conditions>
                    <condition number="11" type="jump" coverage="100%" />
                  </conditions>
                </line>
                <line number="77" hits="1" branch="False" />
                <line number="80" hits="1" branch="False" />
                <line number="81" hits="1" branch="False" />
              </lines>
            </method>
            <method line-rate="1" branch-rate="1" complexity="1" name=".ctor" signature="(Opss.PrimaryAuthorityRegister.Api.Persistence.Contexts.ApplicationDbContext)">
              <lines>
                <line number="15" hits="1" branch="False" />
                <line number="17" hits="1" branch="False" />
                <line number="19" hits="1" branch="False" />
                <line number="20" hits="1" branch="False" />
              </lines>
            </method>
          </methods>
          <lines>
            <line number="15" hits="1" branch="False" />
            <line number="17" hits="1" branch="False" />
            <line number="19" hits="1" branch="False" />
            <line number="20" hits="1" branch="False" />
            <line number="24" hits="1" branch="True" condition-coverage="100% (2/2)">
              <conditions>
                <condition number="6" type="jump" coverage="100%" />
              </conditions>
            </line>
            <line number="26" hits="1" branch="False" />
            <line number="28" hits="1" branch="True" condition-coverage="100% (2/2)">
              <conditions>
                <condition number="47" type="jump" coverage="100%" />
              </conditions>
            </line>
            <line number="30" hits="1" branch="False" />
            <line number="32" hits="1" branch="False" />
            <line number="34" hits="1" branch="False" />
            <line number="37" hits="1" branch="False" />
            <line number="39" hits="1" branch="False" />
            <line number="44" hits="1" branch="True" condition-coverage="100% (2/2)">
              <conditions>
                <condition number="98" type="jump" coverage="100%" />
              </conditions>
            </line>
            <line number="46" hits="1" branch="True" condition-coverage="100% (4/4)">
              <conditions>
                <condition number="47" type="switch" coverage="100%" />
              </conditions>
            </line>
            <line number="49" hits="1" branch="False" />
            <line number="50" hits="1" branch="False" />
            <line number="52" hits="1" branch="False" />
            <line number="53" hits="1" branch="False" />
            <line number="55" hits="1" branch="False" />
            <line number="59" hits="1" branch="False" />
            <line number="69" hits="1" branch="False" />
            <line number="70" hits="1" branch="False" />
            <line number="71" hits="1" branch="False" />
            <line number="75" hits="1" branch="True" condition-coverage="100% (2/2)">
              <conditions>
                <condition number="11" type="jump" coverage="100%" />
              </conditions>
            </line>
            <line number="77" hits="1" branch="False" />
            <line number="80" hits="1" branch="False" />
            <line number="81" hits="1" branch="False" />
          </lines>
        </class>
        <class line-rate="1" branch-rate="1" complexity="1" name="Opss.PrimaryAuthorityRegister.Api.Persistence.Repositories.UnitOfWork/&lt;Save&gt;d__6" filename="Api/Infrastructure/Opss.PrimaryAuthorityRegister.Api.Persistence/Repositories/UnitOfWork.cs">
          <methods>
            <method line-rate="1" branch-rate="1" complexity="1" name="MoveNext" signature="()">
              <lines>
                <line number="64" hits="1" branch="False" />
                <line number="65" hits="1" branch="False" />
              </lines>
            </method>
          </methods>
          <lines>
            <line number="64" hits="1" branch="False" />
            <line number="65" hits="1" branch="False" />
          </lines>
        </class>
        <class line-rate="0" branch-rate="1" complexity="2" name="Opss.PrimaryAuthorityRegister.Api.Persistence.Migrations.TestData" filename="Api/Infrastructure/Opss.PrimaryAuthorityRegister.Api.Persistence/Migrations/20250113154211_TestData.cs">
          <methods>
            <method line-rate="0" branch-rate="1" complexity="1" name="Up" signature="(Microsoft.EntityFrameworkCore.Migrations.MigrationBuilder)">
              <lines>
                <line number="14" hits="0" branch="False" />
                <line number="15" hits="0" branch="False" />
                <line number="16" hits="0" branch="False" />
                <line number="17" hits="0" branch="False" />
                <line number="18" hits="0" branch="False" />
                <line number="19" hits="0" branch="False" />
                <line number="20" hits="0" branch="False" />
                <line number="21" hits="0" branch="False" />
                <line number="22" hits="0" branch="False" />
                <line number="23" hits="0" branch="False" />
                <line number="24" hits="0" branch="False" />
                <line number="25" hits="0" branch="False" />
                <line number="26" hits="0" branch="False" />
                <line number="27" hits="0" branch="False" />
              </lines>
            </method>
            <method line-rate="0" branch-rate="1" complexity="1" name="Down" signature="(Microsoft.EntityFrameworkCore.Migrations.MigrationBuilder)">
              <lines>
                <line number="32" hits="0" branch="False" />
                <line number="33" hits="0" branch="False" />
                <line number="34" hits="0" branch="False" />
              </lines>
            </method>
          </methods>
          <lines>
            <line number="14" hits="0" branch="False" />
            <line number="15" hits="0" branch="False" />
            <line number="16" hits="0" branch="False" />
            <line number="17" hits="0" branch="False" />
            <line number="18" hits="0" branch="False" />
            <line number="19" hits="0" branch="False" />
            <line number="20" hits="0" branch="False" />
            <line number="21" hits="0" branch="False" />
            <line number="22" hits="0" branch="False" />
            <line number="23" hits="0" branch="False" />
            <line number="24" hits="0" branch="False" />
            <line number="25" hits="0" branch="False" />
            <line number="26" hits="0" branch="False" />
            <line number="27" hits="0" branch="False" />
            <line number="32" hits="0" branch="False" />
            <line number="33" hits="0" branch="False" />
            <line number="34" hits="0" branch="False" />
          </lines>
        </class>
        <class line-rate="0" branch-rate="1" complexity="1" name="Opss.PrimaryAuthorityRegister.Api.Persistence.Migrations.TestData" filename="Api/Infrastructure/Opss.PrimaryAuthorityRegister.Api.Persistence/Migrations/20250113154211_TestData.Designer.cs">
          <methods>
            <method line-rate="0" branch-rate="1" complexity="1" name="BuildTargetModel" signature="(Microsoft.EntityFrameworkCore.ModelBuilder)">
              <lines>
                <line number="22" hits="0" branch="False" />
                <line number="23" hits="0" branch="False" />
                <line number="24" hits="0" branch="False" />
                <line number="26" hits="0" branch="False" />
                <line number="28" hits="0" branch="False" />
                <line number="29" hits="0" branch="False" />
                <line number="30" hits="0" branch="False" />
                <line number="31" hits="0" branch="False" />
                <line number="32" hits="0" branch="False" />
                <line number="33" hits="0" branch="False" />
                <line number="34" hits="0" branch="False" />
                <line number="35" hits="0" branch="False" />
                <line number="36" hits="0" branch="False" />
                <line number="37" hits="0" branch="False" />
                <line number="38" hits="0" branch="False" />
                <line number="39" hits="0" branch="False" />
                <line number="40" hits="0" branch="False" />
                <line number="41" hits="0" branch="False" />
                <line number="42" hits="0" branch="False" />
                <line number="43" hits="0" branch="False" />
                <line number="44" hits="0" branch="False" />
                <line number="45" hits="0" branch="False" />
                <line number="46" hits="0" branch="False" />
                <line number="47" hits="0" branch="False" />
                <line number="49" hits="0" branch="False" />
              </lines>
            </method>
          </methods>
          <lines>
            <line number="22" hits="0" branch="False" />
            <line number="23" hits="0" branch="False" />
            <line number="24" hits="0" branch="False" />
            <line number="26" hits="0" branch="False" />
            <line number="28" hits="0" branch="False" />
            <line number="29" hits="0" branch="False" />
            <line number="30" hits="0" branch="False" />
            <line number="31" hits="0" branch="False" />
            <line number="32" hits="0" branch="False" />
            <line number="33" hits="0" branch="False" />
            <line number="34" hits="0" branch="False" />
            <line number="35" hits="0" branch="False" />
            <line number="36" hits="0" branch="False" />
            <line number="37" hits="0" branch="False" />
            <line number="38" hits="0" branch="False" />
            <line number="39" hits="0" branch="False" />
            <line number="40" hits="0" branch="False" />
            <line number="41" hits="0" branch="False" />
            <line number="42" hits="0" branch="False" />
            <line number="43" hits="0" branch="False" />
            <line number="44" hits="0" branch="False" />
            <line number="45" hits="0" branch="False" />
            <line number="46" hits="0" branch="False" />
            <line number="47" hits="0" branch="False" />
            <line number="49" hits="0" branch="False" />
          </lines>
        </class>
        <class line-rate="0" branch-rate="1" complexity="2" name="Opss.PrimaryAuthorityRegister.Api.Persistence.Migrations.TestData_Owner" filename="Api/Infrastructure/Opss.PrimaryAuthorityRegister.Api.Persistence/Migrations/20250123101137_TestData_Owner.cs">
          <methods>
            <method line-rate="0" branch-rate="1" complexity="1" name="Up" signature="(Microsoft.EntityFrameworkCore.Migrations.MigrationBuilder)">
              <lines>
                <line number="14" hits="0" branch="False" />
                <line number="15" hits="0" branch="False" />
                <line number="16" hits="0" branch="False" />
                <line number="17" hits="0" branch="False" />
                <line number="18" hits="0" branch="False" />
                <line number="19" hits="0" branch="False" />
                <line number="20" hits="0" branch="False" />
              </lines>
            </method>
            <method line-rate="0" branch-rate="1" complexity="1" name="Down" signature="(Microsoft.EntityFrameworkCore.Migrations.MigrationBuilder)">
              <lines>
                <line number="25" hits="0" branch="False" />
                <line number="26" hits="0" branch="False" />
                <line number="27" hits="0" branch="False" />
                <line number="28" hits="0" branch="False" />
              </lines>
            </method>
          </methods>
          <lines>
            <line number="14" hits="0" branch="False" />
            <line number="15" hits="0" branch="False" />
            <line number="16" hits="0" branch="False" />
            <line number="17" hits="0" branch="False" />
            <line number="18" hits="0" branch="False" />
            <line number="19" hits="0" branch="False" />
            <line number="20" hits="0" branch="False" />
            <line number="25" hits="0" branch="False" />
            <line number="26" hits="0" branch="False" />
            <line number="27" hits="0" branch="False" />
            <line number="28" hits="0" branch="False" />
          </lines>
        </class>
        <class line-rate="0" branch-rate="1" complexity="1" name="Opss.PrimaryAuthorityRegister.Api.Persistence.Migrations.TestData_Owner" filename="Api/Infrastructure/Opss.PrimaryAuthorityRegister.Api.Persistence/Migrations/20250123101137_TestData_Owner.Designer.cs">
          <methods>
            <method line-rate="0" branch-rate="1" complexity="1" name="BuildTargetModel" signature="(Microsoft.EntityFrameworkCore.ModelBuilder)">
              <lines>
                <line number="22" hits="0" branch="False" />
                <line number="23" hits="0" branch="False" />
                <line number="24" hits="0" branch="False" />
                <line number="26" hits="0" branch="False" />
                <line number="28" hits="0" branch="False" />
                <line number="29" hits="0" branch="False" />
                <line number="30" hits="0" branch="False" />
                <line number="31" hits="0" branch="False" />
                <line number="32" hits="0" branch="False" />
                <line number="33" hits="0" branch="False" />
                <line number="34" hits="0" branch="False" />
                <line number="35" hits="0" branch="False" />
                <line number="36" hits="0" branch="False" />
                <line number="37" hits="0" branch="False" />
                <line number="38" hits="0" branch="False" />
                <line number="39" hits="0" branch="False" />
                <line number="40" hits="0" branch="False" />
                <line number="41" hits="0" branch="False" />
                <line number="42" hits="0" branch="False" />
                <line number="43" hits="0" branch="False" />
                <line number="44" hits="0" branch="False" />
                <line number="45" hits="0" branch="False" />
                <line number="46" hits="0" branch="False" />
                <line number="47" hits="0" branch="False" />
                <line number="48" hits="0" branch="False" />
                <line number="49" hits="0" branch="False" />
                <line number="50" hits="0" branch="False" />
                <line number="52" hits="0" branch="False" />
              </lines>
            </method>
          </methods>
          <lines>
            <line number="22" hits="0" branch="False" />
            <line number="23" hits="0" branch="False" />
            <line number="24" hits="0" branch="False" />
            <line number="26" hits="0" branch="False" />
            <line number="28" hits="0" branch="False" />
            <line number="29" hits="0" branch="False" />
            <line number="30" hits="0" branch="False" />
            <line number="31" hits="0" branch="False" />
            <line number="32" hits="0" branch="False" />
            <line number="33" hits="0" branch="False" />
            <line number="34" hits="0" branch="False" />
            <line number="35" hits="0" branch="False" />
            <line number="36" hits="0" branch="False" />
            <line number="37" hits="0" branch="False" />
            <line number="38" hits="0" branch="False" />
            <line number="39" hits="0" branch="False" />
            <line number="40" hits="0" branch="False" />
            <line number="41" hits="0" branch="False" />
            <line number="42" hits="0" branch="False" />
            <line number="43" hits="0" branch="False" />
            <line number="44" hits="0" branch="False" />
            <line number="45" hits="0" branch="False" />
            <line number="46" hits="0" branch="False" />
            <line number="47" hits="0" branch="False" />
            <line number="48" hits="0" branch="False" />
            <line number="49" hits="0" branch="False" />
            <line number="50" hits="0" branch="False" />
            <line number="52" hits="0" branch="False" />
          </lines>
        </class>
        <class line-rate="0" branch-rate="1" complexity="2" name="Opss.PrimaryAuthorityRegister.Api.Persistence.Migrations.TestData_CustomMigration" filename="Api/Infrastructure/Opss.PrimaryAuthorityRegister.Api.Persistence/Migrations/20250203105141_TestData_CustomMigration.cs">
          <methods>
            <method line-rate="0" branch-rate="1" complexity="1" name="Up" signature="(Microsoft.EntityFrameworkCore.Migrations.MigrationBuilder)">
              <lines>
                <line number="14" hits="0" branch="False" />
                <line number="15" hits="0" branch="False" />
                <line number="16" hits="0" branch="False" />
                <line number="17" hits="0" branch="False" />
                <line number="18" hits="0" branch="False" />
                <line number="19" hits="0" branch="False" />
                <line number="21" hits="0" branch="False" />
                <line number="22" hits="0" branch="False" />
              </lines>
            </method>
            <method line-rate="0" branch-rate="1" complexity="1" name="Down" signature="(Microsoft.EntityFrameworkCore.Migrations.MigrationBuilder)">
              <lines>
                <line number="27" hits="0" branch="False" />
                <line number="28" hits="0" branch="False" />
                <line number="29" hits="0" branch="False" />
                <line number="30" hits="0" branch="False" />
              </lines>
            </method>
          </methods>
          <lines>
            <line number="14" hits="0" branch="False" />
            <line number="15" hits="0" branch="False" />
            <line number="16" hits="0" branch="False" />
            <line number="17" hits="0" branch="False" />
            <line number="18" hits="0" branch="False" />
            <line number="19" hits="0" branch="False" />
            <line number="21" hits="0" branch="False" />
            <line number="22" hits="0" branch="False" />
            <line number="27" hits="0" branch="False" />
            <line number="28" hits="0" branch="False" />
            <line number="29" hits="0" branch="False" />
            <line number="30" hits="0" branch="False" />
          </lines>
        </class>
        <class line-rate="0" branch-rate="1" complexity="1" name="Opss.PrimaryAuthorityRegister.Api.Persistence.Migrations.TestData_CustomMigration" filename="Api/Infrastructure/Opss.PrimaryAuthorityRegister.Api.Persistence/Migrations/20250203105141_TestData_CustomMigration.Designer.cs">
          <methods>
            <method line-rate="0" branch-rate="1" complexity="1" name="BuildTargetModel" signature="(Microsoft.EntityFrameworkCore.ModelBuilder)">
              <lines>
                <line number="22" hits="0" branch="False" />
                <line number="23" hits="0" branch="False" />
                <line number="24" hits="0" branch="False" />
                <line number="26" hits="0" branch="False" />
                <line number="28" hits="0" branch="False" />
                <line number="29" hits="0" branch="False" />
                <line number="30" hits="0" branch="False" />
                <line number="31" hits="0" branch="False" />
                <line number="32" hits="0" branch="False" />
                <line number="33" hits="0" branch="False" />
                <line number="34" hits="0" branch="False" />
                <line number="35" hits="0" branch="False" />
                <line number="36" hits="0" branch="False" />
                <line number="37" hits="0" branch="False" />
                <line number="38" hits="0" branch="False" />
                <line number="39" hits="0" branch="False" />
                <line number="40" hits="0" branch="False" />
                <line number="41" hits="0" branch="False" />
                <line number="42" hits="0" branch="False" />
                <line number="43" hits="0" branch="False" />
                <line number="44" hits="0" branch="False" />
                <line number="45" hits="0" branch="False" />
                <line number="46" hits="0" branch="False" />
                <line number="47" hits="0" branch="False" />
                <line number="48" hits="0" branch="False" />
                <line number="49" hits="0" branch="False" />
                <line number="50" hits="0" branch="False" />
                <line number="51" hits="0" branch="False" />
                <line number="52" hits="0" branch="False" />
                <line number="53" hits="0" branch="False" />
                <line number="54" hits="0" branch="False" />
                <line number="56" hits="0" branch="False" />
              </lines>
            </method>
          </methods>
          <lines>
            <line number="22" hits="0" branch="False" />
            <line number="23" hits="0" branch="False" />
            <line number="24" hits="0" branch="False" />
            <line number="26" hits="0" branch="False" />
            <line number="28" hits="0" branch="False" />
            <line number="29" hits="0" branch="False" />
            <line number="30" hits="0" branch="False" />
            <line number="31" hits="0" branch="False" />
            <line number="32" hits="0" branch="False" />
            <line number="33" hits="0" branch="False" />
            <line number="34" hits="0" branch="False" />
            <line number="35" hits="0" branch="False" />
            <line number="36" hits="0" branch="False" />
            <line number="37" hits="0" branch="False" />
            <line number="38" hits="0" branch="False" />
            <line number="39" hits="0" branch="False" />
            <line number="40" hits="0" branch="False" />
            <line number="41" hits="0" branch="False" />
            <line number="42" hits="0" branch="False" />
            <line number="43" hits="0" branch="False" />
            <line number="44" hits="0" branch="False" />
            <line number="45" hits="0" branch="False" />
            <line number="46" hits="0" branch="False" />
            <line number="47" hits="0" branch="False" />
            <line number="48" hits="0" branch="False" />
            <line number="49" hits="0" branch="False" />
            <line number="50" hits="0" branch="False" />
            <line number="51" hits="0" branch="False" />
            <line number="52" hits="0" branch="False" />
            <line number="53" hits="0" branch="False" />
            <line number="54" hits="0" branch="False" />
            <line number="56" hits="0" branch="False" />
          </lines>
        </class>
        <class line-rate="0" branch-rate="1" complexity="1" name="Opss.PrimaryAuthorityRegister.Api.Persistence.Migrations.ApplicationDbContextModelSnapshot" filename="Api/Infrastructure/Opss.PrimaryAuthorityRegister.Api.Persistence/Migrations/ApplicationDbContextModelSnapshot.cs">
          <methods>
            <method line-rate="0" branch-rate="1" complexity="1" name="BuildModel" signature="(Microsoft.EntityFrameworkCore.ModelBuilder)">
              <lines>
                <line number="19" hits="0" branch="False" />
                <line number="20" hits="0" branch="False" />
                <line number="21" hits="0" branch="False" />
                <line number="23" hits="0" branch="False" />
                <line number="25" hits="0" branch="False" />
                <line number="26" hits="0" branch="False" />
                <line number="27" hits="0" branch="False" />
                <line number="28" hits="0" branch="False" />
                <line number="29" hits="0" branch="False" />
                <line number="30" hits="0" branch="False" />
                <line number="31" hits="0" branch="False" />
                <line number="32" hits="0" branch="False" />
                <line number="33" hits="0" branch="False" />
                <line number="34" hits="0" branch="False" />
                <line number="35" hits="0" branch="False" />
                <line number="36" hits="0" branch="False" />
                <line number="37" hits="0" branch="False" />
                <line number="38" hits="0" branch="False" />
                <line number="39" hits="0" branch="False" />
                <line number="40" hits="0" branch="False" />
                <line number="41" hits="0" branch="False" />
                <line number="42" hits="0" branch="False" />
                <line number="43" hits="0" branch="False" />
                <line number="44" hits="0" branch="False" />
                <line number="45" hits="0" branch="False" />
                <line number="46" hits="0" branch="False" />
                <line number="47" hits="0" branch="False" />
                <line number="48" hits="0" branch="False" />
                <line number="49" hits="0" branch="False" />
                <line number="50" hits="0" branch="False" />
                <line number="51" hits="0" branch="False" />
                <line number="53" hits="0" branch="False" />
              </lines>
            </method>
          </methods>
          <lines>
            <line number="19" hits="0" branch="False" />
            <line number="20" hits="0" branch="False" />
            <line number="21" hits="0" branch="False" />
            <line number="23" hits="0" branch="False" />
            <line number="25" hits="0" branch="False" />
            <line number="26" hits="0" branch="False" />
            <line number="27" hits="0" branch="False" />
            <line number="28" hits="0" branch="False" />
            <line number="29" hits="0" branch="False" />
            <line number="30" hits="0" branch="False" />
            <line number="31" hits="0" branch="False" />
            <line number="32" hits="0" branch="False" />
            <line number="33" hits="0" branch="False" />
            <line number="34" hits="0" branch="False" />
            <line number="35" hits="0" branch="False" />
            <line number="36" hits="0" branch="False" />
            <line number="37" hits="0" branch="False" />
            <line number="38" hits="0" branch="False" />
            <line number="39" hits="0" branch="False" />
            <line number="40" hits="0" branch="False" />
            <line number="41" hits="0" branch="False" />
            <line number="42" hits="0" branch="False" />
            <line number="43" hits="0" branch="False" />
            <line number="44" hits="0" branch="False" />
            <line number="45" hits="0" branch="False" />
            <line number="46" hits="0" branch="False" />
            <line number="47" hits="0" branch="False" />
            <line number="48" hits="0" branch="False" />
            <line number="49" hits="0" branch="False" />
            <line number="50" hits="0" branch="False" />
            <line number="51" hits="0" branch="False" />
            <line number="53" hits="0" branch="False" />
          </lines>
        </class>
        <class line-rate="0" branch-rate="1" complexity="1" name="Opss.PrimaryAuthorityRegister.Api.Persistence.Helpers.MigrationHelper" filename="Api/Infrastructure/Opss.PrimaryAuthorityRegister.Api.Persistence/Helpers/MigrationHelper.cs">
          <methods>
            <method line-rate="0" branch-rate="1" complexity="1" name="ReadMigrationFile" signature="(System.String)">
              <lines>
                <line number="7" hits="0" branch="False" />
                <line number="8" hits="0" branch="False" />
              </lines>
            </method>
          </methods>
          <lines>
            <line number="7" hits="0" branch="False" />
            <line number="8" hits="0" branch="False" />
          </lines>
        </class>
        <class line-rate="0" branch-rate="1" complexity="1" name="Opss.PrimaryAuthorityRegister.Api.Persistence.Extensions.IApplicationBuilderExtensions" filename="Api/Infrastructure/Opss.PrimaryAuthorityRegister.Api.Persistence/Extensions/IApplicationBuilderExtensions.cs">
          <methods>
            <method line-rate="0" branch-rate="1" complexity="1" name="MigrateDatabase" signature="(Microsoft.AspNetCore.Builder.IApplicationBuilder)">
              <lines>
                <line number="12" hits="0" branch="False" />
                <line number="14" hits="0" branch="False" />
                <line number="15" hits="0" branch="False" />
              </lines>
            </method>
          </methods>
          <lines>
            <line number="12" hits="0" branch="False" />
            <line number="14" hits="0" branch="False" />
            <line number="15" hits="0" branch="False" />
          </lines>
        </class>
        <class line-rate="1" branch-rate="1" complexity="6" name="Opss.PrimaryAuthorityRegister.Api.Persistence.Extensions.IServiceCollectionExtensions" filename="Api/Infrastructure/Opss.PrimaryAuthorityRegister.Api.Persistence/Extensions/IServiceCollectionExtensions.cs">
          <methods>
            <method line-rate="1" branch-rate="1" complexity="1" name="AddPersistenceLayer" signature="(Microsoft.Extensions.DependencyInjection.IServiceCollection,Microsoft.Extensions.Configuration.IConfiguration)">
              <lines>
                <line number="17" hits="1" branch="False" />
                <line number="18" hits="1" branch="False" />
                <line number="20" hits="1" branch="False" />
                <line number="21" hits="1" branch="False" />
              </lines>
            </method>
            <method line-rate="1" branch-rate="1" complexity="2" name="AddDbContext" signature="(Microsoft.Extensions.DependencyInjection.IServiceCollection,Microsoft.Extensions.Configuration.IConfiguration)">
              <lines>
                <line number="25" hits="1" branch="True" condition-coverage="100% (2/2)">
                  <conditions>
                    <condition number="19" type="jump" coverage="100%" />
                  </conditions>
                </line>
                <line number="26" hits="1" branch="False" />
                <line number="28" hits="1" branch="False" />
                <line number="29" hits="1" branch="False" />
                <line number="30" hits="1" branch="False" />
                <line number="31" hits="1" branch="False" />
              </lines>
            </method>
            <method line-rate="1" branch-rate="1" complexity="1" name="AddRepositories" signature="(Microsoft.Extensions.DependencyInjection.IServiceCollection)">
              <lines>
                <line number="35" hits="1" branch="False" />
                <line number="36" hits="1" branch="False" />
                <line number="37" hits="1" branch="False" />
                <line number="38" hits="1" branch="False" />
              </lines>
            </method>
            <method line-rate="1" branch-rate="1" complexity="1" name="ConfigureSqlOptions" signature="(Npgsql.EntityFrameworkCore.PostgreSQL.Infrastructure.NpgsqlDbContextOptionsBuilder)">
              <lines>
                <line number="42" hits="1" branch="False" />
                <line number="44" hits="1" branch="False" />
                <line number="45" hits="1" branch="False" />
              </lines>
            </method>
            <method line-rate="1" branch-rate="1" complexity="1" name="AddBehaviours" signature="(Microsoft.Extensions.DependencyInjection.IServiceCollection)">
              <lines>
                <line number="49" hits="1" branch="False" />
                <line number="50" hits="1" branch="False" />
                <line number="51" hits="1" branch="False" />
                <line number="52" hits="1" branch="False" />
                <line number="53" hits="1" branch="False" />
                <line number="54" hits="1" branch="False" />
                <line number="55" hits="1" branch="False" />
              </lines>
            </method>
          </methods>
          <lines>
            <line number="17" hits="1" branch="False" />
            <line number="18" hits="1" branch="False" />
            <line number="20" hits="1" branch="False" />
            <line number="21" hits="1" branch="False" />
            <line number="25" hits="1" branch="True" condition-coverage="100% (2/2)">
              <conditions>
                <condition number="19" type="jump" coverage="100%" />
              </conditions>
            </line>
            <line number="26" hits="1" branch="False" />
            <line number="28" hits="1" branch="False" />
            <line number="29" hits="1" branch="False" />
            <line number="30" hits="1" branch="False" />
            <line number="31" hits="1" branch="False" />
            <line number="35" hits="1" branch="False" />
            <line number="36" hits="1" branch="False" />
            <line number="37" hits="1" branch="False" />
            <line number="38" hits="1" branch="False" />
            <line number="42" hits="1" branch="False" />
            <line number="44" hits="1" branch="False" />
            <line number="45" hits="1" branch="False" />
            <line number="49" hits="1" branch="False" />
            <line number="50" hits="1" branch="False" />
            <line number="51" hits="1" branch="False" />
            <line number="52" hits="1" branch="False" />
            <line number="53" hits="1" branch="False" />
            <line number="54" hits="1" branch="False" />
            <line number="55" hits="1" branch="False" />
          </lines>
        </class>
        <class line-rate="1" branch-rate="1" complexity="3" name="Opss.PrimaryAuthorityRegister.Api.Persistence.Contexts.ApplicationDbContext" filename="Api/Infrastructure/Opss.PrimaryAuthorityRegister.Api.Persistence/Contexts/ApplicationDbContext.cs">
          <methods>
            <method line-rate="1" branch-rate="1" complexity="1" name="get_TestData" signature="()">
              <lines>
                <line number="20" hits="1" branch="False" />
              </lines>
            </method>
            <method line-rate="1" branch-rate="1" complexity="1" name="OnModelCreating" signature="(Microsoft.EntityFrameworkCore.ModelBuilder)">
              <lines>
                <line number="32" hits="1" branch="False" />
                <line number="34" hits="1" branch="False" />
                <line number="35" hits="1" branch="False" />
                <line number="36" hits="1" branch="False" />
              </lines>
            </method>
            <method line-rate="1" branch-rate="1" complexity="1" name=".ctor" signature="(Microsoft.EntityFrameworkCore.DbContextOptions`1&lt;Opss.PrimaryAuthorityRegister.Api.Persistence.Contexts.ApplicationDbContext&gt;)">
              <lines>
                <line number="13" hits="1" branch="False" />
                <line number="15" hits="1" branch="False" />
              </lines>
            </method>
          </methods>
          <lines>
            <line number="13" hits="1" branch="False" />
            <line number="15" hits="1" branch="False" />
            <line number="20" hits="1" branch="False" />
            <line number="32" hits="1" branch="False" />
            <line number="34" hits="1" branch="False" />
            <line number="35" hits="1" branch="False" />
            <line number="36" hits="1" branch="False" />
          </lines>
        </class>
        <class line-rate="1" branch-rate="1" complexity="1" name="Opss.PrimaryAuthorityRegister.Api.Persistence.Contexts.ApplicationDbContext/&lt;SaveChangesAsync&gt;d__4" filename="Api/Infrastructure/Opss.PrimaryAuthorityRegister.Api.Persistence/Contexts/ApplicationDbContext.cs">
          <methods>
            <method line-rate="1" branch-rate="1" complexity="1" name="MoveNext" signature="()">
              <lines>
                <line number="48" hits="1" branch="False" />
                <line number="49" hits="1" branch="False" />
              </lines>
            </method>
          </methods>
          <lines>
            <line number="48" hits="1" branch="False" />
            <line number="49" hits="1" branch="False" />
          </lines>
        </class>
        <class line-rate="1" branch-rate="1" complexity="1" name="Opss.PrimaryAuthorityRegister.Api.Persistence.Behaviour.PersistBehaviour`2" filename="Api/Infrastructure/Opss.PrimaryAuthorityRegister.Api.Persistence/Behaviour/PersistBehaviour.cs">
          <methods>
            <method line-rate="1" branch-rate="1" complexity="1" name=".ctor" signature="(Opss.PrimaryAuthorityRegister.Api.Application.Interfaces.Repositories.IUnitOfWork)">
              <lines>
                <line number="16" hits="1" branch="False" />
                <line number="18" hits="1" branch="False" />
                <line number="19" hits="1" branch="False" />
              </lines>
            </method>
          </methods>
          <lines>
            <line number="16" hits="1" branch="False" />
            <line number="18" hits="1" branch="False" />
            <line number="19" hits="1" branch="False" />
          </lines>
        </class>
        <class line-rate="1" branch-rate="1" complexity="1" name="Opss.PrimaryAuthorityRegister.Api.Persistence.Behaviour.PersistBehaviour`2/&lt;Handle&gt;d__2" filename="Api/Infrastructure/Opss.PrimaryAuthorityRegister.Api.Persistence/Behaviour/PersistBehaviour.cs">
          <methods>
            <method line-rate="1" branch-rate="1" complexity="1" name="MoveNext" signature="()">
              <lines>
                <line number="31" hits="1" branch="False" />
                <line number="35" hits="1" branch="False" />
                <line number="37" hits="1" branch="False" />
                <line number="39" hits="1" branch="False" />
                <line number="41" hits="1" branch="False" />
                <line number="43" hits="1" branch="False" />
                <line number="45" hits="1" branch="False" />
                <line number="47" hits="1" branch="False" />
              </lines>
            </method>
          </methods>
          <lines>
            <line number="31" hits="1" branch="False" />
            <line number="35" hits="1" branch="False" />
            <line number="37" hits="1" branch="False" />
            <line number="39" hits="1" branch="False" />
            <line number="41" hits="1" branch="False" />
            <line number="43" hits="1" branch="False" />
            <line number="45" hits="1" branch="False" />
            <line number="47" hits="1" branch="False" />
          </lines>
        </class>
      </classes>
    </package>
    <package line-rate="0.9214659685863874" branch-rate="0.9333333333333333" complexity="94" name="Opss.PrimaryAuthorityRegister.Api.Application">
      <classes>
        <class line-rate="1" branch-rate="1" complexity="1" name="Opss.PrimaryAuthorityRegister.Api.Application.Handlers.Test.CreateTestDataCommandHandler" filename="Api/Core/Opss.PrimaryAuthorityRegister.Api.Application/Handlers/Test/CreateTestDataCommandHandler.cs">
          <methods>
            <method line-rate="1" branch-rate="1" complexity="1" name=".ctor" signature="(Opss.PrimaryAuthorityRegister.Api.Application.Interfaces.Repositories.IUnitOfWork)">
              <lines>
                <line number="12" hits="1" branch="False" />
                <line number="14" hits="1" branch="False" />
                <line number="15" hits="1" branch="False" />
              </lines>
            </method>
          </methods>
          <lines>
            <line number="12" hits="1" branch="False" />
            <line number="14" hits="1" branch="False" />
            <line number="15" hits="1" branch="False" />
          </lines>
        </class>
        <class line-rate="1" branch-rate="1" complexity="1" name="Opss.PrimaryAuthorityRegister.Api.Application.Handlers.Test.CreateTestDataCommandHandler/&lt;Handle&gt;d__2" filename="Api/Core/Opss.PrimaryAuthorityRegister.Api.Application/Handlers/Test/CreateTestDataCommandHandler.cs">
          <methods>
            <method line-rate="1" branch-rate="1" complexity="1" name="MoveNext" signature="()">
              <lines>
                <line number="19" hits="1" branch="False" />
                <line number="21" hits="1" branch="False" />
                <line number="23" hits="1" branch="False" />
                <line number="24" hits="1" branch="False" />
              </lines>
            </method>
          </methods>
          <lines>
            <line number="19" hits="1" branch="False" />
            <line number="21" hits="1" branch="False" />
            <line number="23" hits="1" branch="False" />
            <line number="24" hits="1" branch="False" />
          </lines>
        </class>
        <class line-rate="1" branch-rate="1" complexity="1" name="Opss.PrimaryAuthorityRegister.Api.Application.Handlers.Test.GetTestDataQueryHandler" filename="Api/Core/Opss.PrimaryAuthorityRegister.Api.Application/Handlers/Test/GetTestDataQueryHandler.cs">
          <methods>
            <method line-rate="1" branch-rate="1" complexity="1" name=".ctor" signature="(Opss.PrimaryAuthorityRegister.Api.Application.Interfaces.Repositories.IUnitOfWork)">
              <lines>
                <line number="13" hits="1" branch="False" />
                <line number="15" hits="1" branch="False" />
                <line number="16" hits="1" branch="False" />
              </lines>
            </method>
          </methods>
          <lines>
            <line number="13" hits="1" branch="False" />
            <line number="15" hits="1" branch="False" />
            <line number="16" hits="1" branch="False" />
          </lines>
        </class>
        <class line-rate="1" branch-rate="1" complexity="2" name="Opss.PrimaryAuthorityRegister.Api.Application.Handlers.Test.GetTestDataQueryHandler/&lt;Handle&gt;d__2" filename="Api/Core/Opss.PrimaryAuthorityRegister.Api.Application/Handlers/Test/GetTestDataQueryHandler.cs">
          <methods>
            <method line-rate="1" branch-rate="1" complexity="2" name="MoveNext" signature="()">
              <lines>
                <line number="20" hits="1" branch="False" />
                <line number="22" hits="1" branch="False" />
                <line number="24" hits="1" branch="True" condition-coverage="100% (2/2)">
                  <conditions>
                    <condition number="160" type="jump" coverage="100%" />
                  </conditions>
                </line>
                <line number="26" hits="1" branch="False" />
                <line number="29" hits="1" branch="False" />
                <line number="30" hits="1" branch="False" />
              </lines>
            </method>
          </methods>
          <lines>
            <line number="20" hits="1" branch="False" />
            <line number="22" hits="1" branch="False" />
            <line number="24" hits="1" branch="True" condition-coverage="100% (2/2)">
              <conditions>
                <condition number="160" type="jump" coverage="100%" />
              </conditions>
            </line>
            <line number="26" hits="1" branch="False" />
            <line number="29" hits="1" branch="False" />
            <line number="30" hits="1" branch="False" />
          </lines>
        </class>
        <class line-rate="1" branch-rate="1" complexity="1" name="Opss.PrimaryAuthorityRegister.Api.Application.Handlers.Test.UpdateTestDataCommandHandler" filename="Api/Core/Opss.PrimaryAuthorityRegister.Api.Application/Handlers/Test/UpdateTestDataCommandHandler.cs">
          <methods>
            <method line-rate="1" branch-rate="1" complexity="1" name=".ctor" signature="(Opss.PrimaryAuthorityRegister.Api.Application.Interfaces.Repositories.IUnitOfWork)">
              <lines>
                <line number="12" hits="1" branch="False" />
                <line number="14" hits="1" branch="False" />
                <line number="15" hits="1" branch="False" />
              </lines>
            </method>
          </methods>
          <lines>
            <line number="12" hits="1" branch="False" />
            <line number="14" hits="1" branch="False" />
            <line number="15" hits="1" branch="False" />
          </lines>
        </class>
        <class line-rate="1" branch-rate="1" complexity="2" name="Opss.PrimaryAuthorityRegister.Api.Application.Handlers.Test.UpdateTestDataCommandHandler/&lt;Handle&gt;d__2" filename="Api/Core/Opss.PrimaryAuthorityRegister.Api.Application/Handlers/Test/UpdateTestDataCommandHandler.cs">
          <methods>
            <method line-rate="1" branch-rate="1" complexity="2" name="MoveNext" signature="()">
              <lines>
                <line number="19" hits="1" branch="False" />
                <line number="21" hits="1" branch="False" />
                <line number="23" hits="1" branch="True" condition-coverage="100% (2/2)">
                  <conditions>
                    <condition number="164" type="jump" coverage="100%" />
                  </conditions>
                </line>
                <line number="25" hits="1" branch="False" />
                <line number="28" hits="1" branch="False" />
                <line number="30" hits="1" branch="False" />
                <line number="31" hits="1" branch="False" />
              </lines>
            </method>
          </methods>
          <lines>
            <line number="19" hits="1" branch="False" />
            <line number="21" hits="1" branch="False" />
            <line number="23" hits="1" branch="True" condition-coverage="100% (2/2)">
              <conditions>
                <condition number="164" type="jump" coverage="100%" />
              </conditions>
            </line>
            <line number="25" hits="1" branch="False" />
            <line number="28" hits="1" branch="False" />
            <line number="30" hits="1" branch="False" />
            <line number="31" hits="1" branch="False" />
          </lines>
        </class>
        <class line-rate="0.6666666666666666" branch-rate="1" complexity="9" name="Opss.PrimaryAuthorityRegister.Api.Application.Extensions.IServiceCollectionExtensions" filename="Api/Core/Opss.PrimaryAuthorityRegister.Api.Application/Extensions/IServiceCollectionExtensions.cs">
          <methods>
            <method line-rate="1" branch-rate="1" complexity="1" name="AddApplicationLayer" signature="(Microsoft.Extensions.DependencyInjection.IServiceCollection)">
              <lines>
                <line number="24" hits="1" branch="False" />
                <line number="25" hits="1" branch="False" />
              </lines>
            </method>
            <method line-rate="0.9444444444444444" branch-rate="1" complexity="1" name="AddAuthorisation" signature="(Microsoft.Extensions.DependencyInjection.IServiceCollection)">
              <lines>
                <line number="29" hits="1" branch="False" />
                <line number="30" hits="1" branch="False" />
                <line number="32" hits="1" branch="False" />
                <line number="33" hits="1" branch="False" />
                <line number="34" hits="1" branch="False" />
                <line number="37" hits="1" branch="False" />
                <line number="38" hits="1" branch="False" />
                <line number="39" hits="0" branch="False" />
                <line number="40" hits="1" branch="False" />
                <line number="41" hits="1" branch="False" />
                <line number="42" hits="1" branch="False" />
                <line number="44" hits="1" branch="False" />
                <line number="45" hits="1" branch="False" />
                <line number="46" hits="1" branch="False" />
                <line number="47" hits="1" branch="False" />
                <line number="48" hits="1" branch="False" />
                <line number="49" hits="1" branch="False" />
                <line number="50" hits="1" branch="False" />
              </lines>
            </method>
            <method line-rate="1" branch-rate="1" complexity="6" name="AddAllTypesOf" signature="(Microsoft.Extensions.DependencyInjection.IServiceCollection,System.Reflection.Assembly)">
              <lines>
                <line number="60" hits="1" branch="False" />
                <line number="62" hits="1" branch="False" />
                <line number="63" hits="1" branch="False" />
                <line number="64" hits="1" branch="True" condition-coverage="100% (4/4)">
                  <conditions>
                    <condition number="12" type="jump" coverage="100%" />
                    <condition number="20" type="jump" coverage="100%" />
                  </conditions>
                </line>
                <line number="66" hits="1" branch="True" condition-coverage="100% (2/2)">
                  <conditions>
                    <condition number="91" type="jump" coverage="100%" />
                  </conditions>
                </line>
                <line number="68" hits="1" branch="False" />
                <line number="70" hits="1" branch="False" />
              </lines>
            </method>
            <method line-rate="0" branch-rate="1" complexity="1" name="GenerateTempIdentity" signature="()">
              <lines>
                <line number="74" hits="0" branch="False" />
                <line number="75" hits="0" branch="False" />
                <line number="76" hits="0" branch="False" />
                <line number="77" hits="0" branch="False" />
                <line number="78" hits="0" branch="False" />
                <line number="79" hits="0" branch="False" />
                <line number="82" hits="0" branch="False" />
                <line number="84" hits="0" branch="False" />
                <line number="85" hits="0" branch="False" />
                <line number="86" hits="0" branch="False" />
                <line number="88" hits="0" branch="False" />
                <line number="90" hits="0" branch="False" />
              </lines>
            </method>
          </methods>
          <lines>
            <line number="24" hits="1" branch="False" />
            <line number="25" hits="1" branch="False" />
            <line number="29" hits="1" branch="False" />
            <line number="30" hits="1" branch="False" />
            <line number="32" hits="1" branch="False" />
            <line number="33" hits="1" branch="False" />
            <line number="34" hits="1" branch="False" />
            <line number="37" hits="1" branch="False" />
            <line number="38" hits="1" branch="False" />
            <line number="39" hits="0" branch="False" />
            <line number="40" hits="1" branch="False" />
            <line number="41" hits="1" branch="False" />
            <line number="42" hits="1" branch="False" />
            <line number="44" hits="1" branch="False" />
            <line number="45" hits="1" branch="False" />
            <line number="46" hits="1" branch="False" />
            <line number="47" hits="1" branch="False" />
            <line number="48" hits="1" branch="False" />
            <line number="49" hits="1" branch="False" />
            <line number="50" hits="1" branch="False" />
            <line number="60" hits="1" branch="False" />
            <line number="62" hits="1" branch="False" />
            <line number="63" hits="1" branch="False" />
            <line number="64" hits="1" branch="True" condition-coverage="100% (4/4)">
              <conditions>
                <condition number="12" type="jump" coverage="100%" />
                <condition number="20" type="jump" coverage="100%" />
              </conditions>
            </line>
            <line number="66" hits="1" branch="True" condition-coverage="100% (2/2)">
              <conditions>
                <condition number="91" type="jump" coverage="100%" />
              </conditions>
            </line>
            <line number="68" hits="1" branch="False" />
            <line number="70" hits="1" branch="False" />
            <line number="74" hits="0" branch="False" />
            <line number="75" hits="0" branch="False" />
            <line number="76" hits="0" branch="False" />
            <line number="77" hits="0" branch="False" />
            <line number="78" hits="0" branch="False" />
            <line number="79" hits="0" branch="False" />
            <line number="82" hits="0" branch="False" />
            <line number="84" hits="0" branch="False" />
            <line number="85" hits="0" branch="False" />
            <line number="86" hits="0" branch="False" />
            <line number="88" hits="0" branch="False" />
            <line number="90" hits="0" branch="False" />
          </lines>
        </class>
        <class line-rate="1" branch-rate="1" complexity="10" name="Opss.PrimaryAuthorityRegister.Api.Application.Extensions.ReflectionExtensions" filename="Api/Core/Opss.PrimaryAuthorityRegister.Api.Application/Extensions/ReflectionExtensions.cs">
          <methods>
            <method line-rate="1" branch-rate="1" complexity="1" name="CanBeNull" signature="(System.Type)">
              <lines>
                <line number="18" hits="1" branch="False" />
              </lines>
            </method>
            <method line-rate="1" branch-rate="1" complexity="1" name="GetAttributes" signature="(System.Reflection.MemberInfo,System.Boolean)">
              <lines>
                <line number="31" hits="1" branch="False" />
              </lines>
            </method>
            <method line-rate="1" branch-rate="1" complexity="4" name="GetNonNullableType" signature="(System.Type)">
              <lines>
                <line number="42" hits="1" branch="True" condition-coverage="100% (4/4)">
                  <conditions>
                    <condition number="6" type="jump" coverage="100%" />
                    <condition number="29" type="jump" coverage="100%" />
                  </conditions>
                </line>
                <line number="44" hits="1" branch="False" />
                <line number="47" hits="1" branch="False" />
              </lines>
            </method>
            <method line-rate="1" branch-rate="1" complexity="1" name="HasAttribute" signature="(System.Reflection.MemberInfo,System.Boolean)">
              <lines>
                <line number="60" hits="1" branch="False" />
              </lines>
            </method>
            <method line-rate="1" branch-rate="1" complexity="1" name="HasAttribute" signature="(System.Reflection.MemberInfo,System.Type,System.Boolean)">
              <lines>
                <line number="73" hits="1" branch="False" />
              </lines>
            </method>
            <method line-rate="1" branch-rate="1" complexity="2" name="IsEnumerable" signature="(System.Type)">
              <lines>
                <line number="85" hits="1" branch="True" condition-coverage="100% (2/2)">
                  <conditions>
                    <condition number="16" type="jump" coverage="100%" />
                  </conditions>
                </line>
              </lines>
            </method>
          </methods>
          <lines>
            <line number="18" hits="1" branch="False" />
            <line number="31" hits="1" branch="False" />
            <line number="42" hits="1" branch="True" condition-coverage="100% (4/4)">
              <conditions>
                <condition number="6" type="jump" coverage="100%" />
                <condition number="29" type="jump" coverage="100%" />
              </conditions>
            </line>
            <line number="44" hits="1" branch="False" />
            <line number="47" hits="1" branch="False" />
            <line number="60" hits="1" branch="False" />
            <line number="73" hits="1" branch="False" />
            <line number="85" hits="1" branch="True" condition-coverage="100% (2/2)">
              <conditions>
                <condition number="16" type="jump" coverage="100%" />
              </conditions>
            </line>
          </lines>
        </class>
        <class line-rate="1" branch-rate="1" complexity="20" name="Opss.PrimaryAuthorityRegister.Api.Application.Authorisation.AttributeBasedResourceClaimProvider" filename="Api/Core/Opss.PrimaryAuthorityRegister.Api.Application/Authorisation/AttributeBasedResourceClaimProvider.cs">
          <methods>
            <method line-rate="1" branch-rate="1" complexity="2" name="GetDemandedClaims" signature="(System.Object)">
              <lines>
                <line number="76" hits="1" branch="False" />
                <line number="78" hits="1" branch="False" />
                <line number="79" hits="1" branch="False" />
                <line number="81" hits="1" branch="False" />
                <line number="82" hits="1" branch="False" />
                <line number="84" hits="1" branch="True" condition-coverage="100% (2/2)">
                  <conditions>
                    <condition number="127" type="jump" coverage="100%" />
                  </conditions>
                </line>
                <line number="85" hits="1" branch="False" />
                <line number="86" hits="1" branch="False" />
              </lines>
            </method>
            <method line-rate="1" branch-rate="1" complexity="2" name="EnsureResourceDoesNotHaveAllowAnonymousAttribute" signature="(System.Object)">
              <lines>
                <line number="91" hits="1" branch="False" />
                <line number="93" hits="1" branch="True" condition-coverage="100% (2/2)">
                  <conditions>
                    <condition number="17" type="jump" coverage="100%" />
                  </conditions>
                </line>
                <line number="95" hits="1" branch="False" />
                <line number="96" hits="1" branch="False" />
                <line number="98" hits="1" branch="False" />
              </lines>
            </method>
            <method line-rate="1" branch-rate="1" complexity="4" name="EnsureResourceHasClaimRequiredAttribute" signature="(System.Object)">
              <lines>
                <line number="102" hits="1" branch="False" />
                <line number="104" hits="1" branch="True" condition-coverage="100% (4/4)">
                  <conditions>
                    <condition number="17" type="jump" coverage="100%" />
                    <condition number="36" type="jump" coverage="100%" />
                  </conditions>
                </line>
                <line number="106" hits="1" branch="False" />
                <line number="108" hits="1" branch="False" />
              </lines>
            </method>
            <method line-rate="1" branch-rate="1" complexity="4" name="ExpandClaim" signature="(System.Security.Claims.Claim)">
              <lines>
                <line number="112" hits="1" branch="False" />
                <line number="113" hits="1" branch="False" />
                <line number="115" hits="1" branch="False" />
                <line number="117" hits="1" branch="True" condition-coverage="100% (2/2)">
                  <conditions>
                    <condition number="156" type="jump" coverage="100%" />
                  </conditions>
                </line>
                <line number="119" hits="1" branch="True" condition-coverage="100% (2/2)">
                  <conditions>
                    <condition number="134" type="jump" coverage="100%" />
                  </conditions>
                </line>
                <line number="121" hits="1" branch="False" />
                <line number="125" hits="1" branch="False" />
              </lines>
            </method>
            <method line-rate="1" branch-rate="1" complexity="6" name="GetRequiredClaimsForMultipleGroups" signature="(System.Object,Opss.PrimaryAuthorityRegister.Common.AuthorisationAttributes.ClaimRequiredAttribute[],System.Collections.Generic.IEnumerable`1&lt;System.String&gt;)">
              <lines>
                <line number="130" hits="1" branch="False" />
                <line number="132" hits="1" branch="True" condition-coverage="100% (2/2)">
                  <conditions>
                    <condition number="140" type="jump" coverage="100%" />
                  </conditions>
                </line>
                <line number="134" hits="1" branch="False" />
                <line number="135" hits="1" branch="True" condition-coverage="100% (2/2)">
                  <conditions>
                    <condition number="6" type="jump" coverage="100%" />
                  </conditions>
                </line>
                <line number="136" hits="1" branch="True" condition-coverage="100% (2/2)">
                  <conditions>
                    <condition number="88" type="jump" coverage="100%" />
                  </conditions>
                </line>
                <line number="137" hits="1" branch="False" />
                <line number="139" hits="1" branch="False" />
                <line number="142" hits="1" branch="False" />
              </lines>
            </method>
            <method line-rate="1" branch-rate="1" complexity="1" name="GetRequiredClaimsForNoDefinedGroup" signature="(System.Object,System.Collections.Generic.IEnumerable`1&lt;Opss.PrimaryAuthorityRegister.Common.AuthorisationAttributes.ClaimRequiredAttribute&gt;)">
              <lines>
                <line number="148" hits="1" branch="False" />
                <line number="149" hits="1" branch="False" />
                <line number="151" hits="1" branch="False" />
                <line number="153" hits="1" branch="False" />
              </lines>
            </method>
            <method line-rate="1" branch-rate="1" complexity="1" name=".ctor" signature="(System.Collections.Generic.IEnumerable`1&lt;Opss.PrimaryAuthorityRegister.Api.Application.Interfaces.Authorisation.IResourceKeyExpander&gt;)">
              <lines>
                <line number="63" hits="1" branch="False" />
                <line number="65" hits="1" branch="False" />
                <line number="66" hits="1" branch="False" />
              </lines>
            </method>
          </methods>
          <lines>
            <line number="63" hits="1" branch="False" />
            <line number="65" hits="1" branch="False" />
            <line number="66" hits="1" branch="False" />
            <line number="76" hits="1" branch="False" />
            <line number="78" hits="1" branch="False" />
            <line number="79" hits="1" branch="False" />
            <line number="81" hits="1" branch="False" />
            <line number="82" hits="1" branch="False" />
            <line number="84" hits="1" branch="True" condition-coverage="100% (2/2)">
              <conditions>
                <condition number="127" type="jump" coverage="100%" />
              </conditions>
            </line>
            <line number="85" hits="1" branch="False" />
            <line number="86" hits="1" branch="False" />
            <line number="91" hits="1" branch="False" />
            <line number="93" hits="1" branch="True" condition-coverage="100% (2/2)">
              <conditions>
                <condition number="17" type="jump" coverage="100%" />
              </conditions>
            </line>
            <line number="95" hits="1" branch="False" />
            <line number="96" hits="1" branch="False" />
            <line number="98" hits="1" branch="False" />
            <line number="102" hits="1" branch="False" />
            <line number="104" hits="1" branch="True" condition-coverage="100% (4/4)">
              <conditions>
                <condition number="17" type="jump" coverage="100%" />
                <condition number="36" type="jump" coverage="100%" />
              </conditions>
            </line>
            <line number="106" hits="1" branch="False" />
            <line number="108" hits="1" branch="False" />
            <line number="112" hits="1" branch="False" />
            <line number="113" hits="1" branch="False" />
            <line number="115" hits="1" branch="False" />
            <line number="117" hits="1" branch="True" condition-coverage="100% (2/2)">
              <conditions>
                <condition number="156" type="jump" coverage="100%" />
              </conditions>
            </line>
            <line number="119" hits="1" branch="True" condition-coverage="100% (2/2)">
              <conditions>
                <condition number="134" type="jump" coverage="100%" />
              </conditions>
            </line>
            <line number="121" hits="1" branch="False" />
            <line number="125" hits="1" branch="False" />
            <line number="130" hits="1" branch="False" />
            <line number="132" hits="1" branch="True" condition-coverage="100% (2/2)">
              <conditions>
                <condition number="140" type="jump" coverage="100%" />
              </conditions>
            </line>
            <line number="134" hits="1" branch="False" />
            <line number="135" hits="1" branch="True" condition-coverage="100% (2/2)">
              <conditions>
                <condition number="6" type="jump" coverage="100%" />
              </conditions>
            </line>
            <line number="136" hits="1" branch="True" condition-coverage="100% (2/2)">
              <conditions>
                <condition number="88" type="jump" coverage="100%" />
              </conditions>
            </line>
            <line number="137" hits="1" branch="False" />
            <line number="139" hits="1" branch="False" />
            <line number="142" hits="1" branch="False" />
            <line number="148" hits="1" branch="False" />
            <line number="149" hits="1" branch="False" />
            <line number="151" hits="1" branch="False" />
            <line number="153" hits="1" branch="False" />
          </lines>
        </class>
        <class line-rate="1" branch-rate="1" complexity="2" name="Opss.PrimaryAuthorityRegister.Api.Application.Authorisation.ClaimAuthorisationBehaviour`2" filename="Api/Core/Opss.PrimaryAuthorityRegister.Api.Application/Authorisation/ClaimAuthorisationBehaviour.cs">
          <methods>
            <method line-rate="1" branch-rate="1" complexity="1" name="Handle" signature="(TRequest,MediatR.RequestHandlerDelegate`1&lt;TResponse&gt;,System.Threading.CancellationToken)">
              <lines>
                <line number="39" hits="1" branch="False" />
                <line number="41" hits="1" branch="False" />
                <line number="43" hits="1" branch="False" />
              </lines>
            </method>
            <method line-rate="1" branch-rate="1" complexity="1" name=".ctor" signature="(Opss.PrimaryAuthorityRegister.Api.Application.Interfaces.Authorisation.IClaimChecker,System.Security.Claims.ClaimsPrincipal)">
              <lines>
                <line number="23" hits="1" branch="False" />
                <line number="25" hits="1" branch="False" />
                <line number="26" hits="1" branch="False" />
                <line number="27" hits="1" branch="False" />
              </lines>
            </method>
          </methods>
          <lines>
            <line number="23" hits="1" branch="False" />
            <line number="25" hits="1" branch="False" />
            <line number="26" hits="1" branch="False" />
            <line number="27" hits="1" branch="False" />
            <line number="39" hits="1" branch="False" />
            <line number="41" hits="1" branch="False" />
            <line number="43" hits="1" branch="False" />
          </lines>
        </class>
        <class line-rate="0.9375" branch-rate="1" complexity="9" name="Opss.PrimaryAuthorityRegister.Api.Application.Authorisation.ClaimChecker" filename="Api/Core/Opss.PrimaryAuthorityRegister.Api.Application/Authorisation/ClaimChecker.cs">
          <methods>
            <method line-rate="0.9230769230769231" branch-rate="1" complexity="8" name="Demand" signature="(System.Security.Claims.ClaimsPrincipal,System.Object)">
              <lines>
                <line number="33" hits="1" branch="False" />
                <line number="34" hits="1" branch="False" />
                <line number="36" hits="1" branch="True" condition-coverage="100% (2/2)">
                  <conditions>
                    <condition number="34" type="jump" coverage="100%" />
                  </conditions>
                </line>
                <line number="38" hits="1" branch="False" />
                <line number="41" hits="1" branch="True" condition-coverage="100% (2/2)">
                  <conditions>
                    <condition number="59" type="jump" coverage="100%" />
                  </conditions>
                </line>
                <line number="43" hits="1" branch="False" />
                <line number="46" hits="1" branch="True" condition-coverage="100% (4/4)">
                  <conditions>
                    <condition number="68" type="jump" coverage="100%" />
                    <condition number="81" type="jump" coverage="100%" />
                  </conditions>
                </line>
                <line number="48" hits="1" branch="False" />
                <line number="49" hits="1" branch="False" />
                <line number="52" hits="1" branch="False" />
                <line number="53" hits="1" branch="False" />
                <line number="55" hits="1" branch="False" />
                <line number="56" hits="0" branch="False" />
              </lines>
            </method>
            <method line-rate="1" branch-rate="1" complexity="1" name=".ctor" signature="(Opss.PrimaryAuthorityRegister.Api.Application.Interfaces.Authorisation.IResourceClaimProvider)">
              <lines>
                <line number="14" hits="1" branch="False" />
                <line number="16" hits="1" branch="False" />
                <line number="17" hits="1" branch="False" />
              </lines>
            </method>
          </methods>
          <lines>
            <line number="14" hits="1" branch="False" />
            <line number="16" hits="1" branch="False" />
            <line number="17" hits="1" branch="False" />
            <line number="33" hits="1" branch="False" />
            <line number="34" hits="1" branch="False" />
            <line number="36" hits="1" branch="True" condition-coverage="100% (2/2)">
              <conditions>
                <condition number="34" type="jump" coverage="100%" />
              </conditions>
            </line>
            <line number="38" hits="1" branch="False" />
[...]
                <line number="79" hits="4" branch="False" />
                <line number="81" hits="4" branch="False" />
                <line number="83" hits="4" branch="False" />
              </lines>
            </method>
          </methods>
          <lines>
            <line number="79" hits="4" branch="False" />
            <line number="81" hits="4" branch="False" />
            <line number="83" hits="4" branch="False" />
          </lines>
        </class>
      </classes>
    </package>
    <package line-rate="0.14285714285714285" branch-rate="0.16666666666666666" complexity="32" name="Opss.PrimaryAuthorityRegister.Web">
      <classes>
        <class line-rate="0" branch-rate="0" complexity="2" name="AspNetCoreGeneratedDocument.Pages_Error/&lt;&lt;ExecuteAsync&gt;b__13_1&gt;d" filename="Web/Presentation/Opss.PrimaryAuthorityRegister.Web/Pages/Error.cshtml">
          <methods>
            <method line-rate="0" branch-rate="0" complexity="2" name="MoveNext" signature="()">
              <lines>
                <line number="21" hits="0" branch="True" condition-coverage="0% (0/2)">
                  <conditions>
                    <condition number="36" type="jump" coverage="0%" />
                  </conditions>
                </line>
              </lines>
            </method>
          </methods>
          <lines>
            <line number="21" hits="0" branch="True" condition-coverage="0% (0/2)">
              <conditions>
                <condition number="36" type="jump" coverage="0%" />
              </conditions>
            </line>
          </lines>
        </class>
        <class line-rate="0" branch-rate="0" complexity="3" name="Opss.PrimaryAuthorityRegister.Web.App" filename="Web/Presentation/Opss.PrimaryAuthorityRegister.Web/App.razor">
          <methods>
            <method line-rate="0" branch-rate="1" complexity="1" name="get_HttpContext" signature="()">
              <lines>
                <line number="19" hits="0" branch="False" />
              </lines>
            </method>
            <method line-rate="0" branch-rate="0" complexity="2" name="OnInitialized" signature="()">
              <lines>
                <line number="23" hits="0" branch="True" condition-coverage="0% (0/2)">
                  <conditions>
                    <condition number="7" type="jump" coverage="0%" />
                  </conditions>
                </line>
                <line number="24" hits="0" branch="False" />
                <line number="25" hits="0" branch="False" />
                <line number="26" hits="0" branch="False" />
                <line number="27" hits="0" branch="False" />
                <line number="28" hits="0" branch="False" />
                <line number="29" hits="0" branch="False" />
              </lines>
            </method>
          </methods>
          <lines>
            <line number="19" hits="0" branch="False" />
            <line number="23" hits="0" branch="True" condition-coverage="0% (0/2)">
              <conditions>
                <condition number="7" type="jump" coverage="0%" />
              </conditions>
            </line>
            <line number="24" hits="0" branch="False" />
            <line number="25" hits="0" branch="False" />
            <line number="26" hits="0" branch="False" />
            <line number="27" hits="0" branch="False" />
            <line number="28" hits="0" branch="False" />
            <line number="29" hits="0" branch="False" />
          </lines>
        </class>
        <class line-rate="0" branch-rate="0" complexity="4" name="Opss.PrimaryAuthorityRegister.Web.Shared.CultureSelector" filename="Web/Presentation/Opss.PrimaryAuthorityRegister.Web/Shared/CultureSelector.razor">
          <methods>
            <method line-rate="0" branch-rate="1" complexity="1" name="OnInitialized" signature="()">
              <lines>
                <line number="29" hits="0" branch="False" />
                <line number="30" hits="0" branch="False" />
              </lines>
            </method>
            <method line-rate="0" branch-rate="0" complexity="2" name="&lt;BuildRenderTree&gt;b__0_1" signature="(Microsoft.AspNetCore.Components.Rendering.RenderTreeBuilder)">
              <lines>
                <line number="10" hits="0" branch="True" condition-coverage="0% (0/2)">
                  <conditions>
                    <condition number="102" type="jump" coverage="0%" />
                  </conditions>
                </line>
              </lines>
            </method>
            <method line-rate="0" branch-rate="1" complexity="1" name=".ctor" signature="()">
              <lines>
                <line number="19" hits="0" branch="False" />
                <line number="20" hits="0" branch="False" />
                <line number="21" hits="0" branch="False" />
                <line number="22" hits="0" branch="False" />
                <line number="23" hits="0" branch="False" />
              </lines>
            </method>
          </methods>
          <lines>
            <line number="29" hits="0" branch="False" />
            <line number="30" hits="0" branch="False" />
            <line number="10" hits="0" branch="True" condition-coverage="0% (0/2)">
              <conditions>
                <condition number="102" type="jump" coverage="0%" />
              </conditions>
            </line>
            <line number="19" hits="0" branch="False" />
            <line number="20" hits="0" branch="False" />
            <line number="21" hits="0" branch="False" />
            <line number="22" hits="0" branch="False" />
            <line number="23" hits="0" branch="False" />
          </lines>
        </class>
        <class line-rate="0" branch-rate="0" complexity="2" name="Opss.PrimaryAuthorityRegister.Web.Shared.CultureSelector/&lt;ApplySelectedCultureAsync&gt;d__4" filename="Web/Presentation/Opss.PrimaryAuthorityRegister.Web/Shared/CultureSelector.razor">
          <methods>
            <method line-rate="0" branch-rate="0" complexity="2" name="MoveNext" signature="()">
              <lines>
                <line number="34" hits="0" branch="True" condition-coverage="0% (0/2)">
                  <conditions>
                    <condition number="35" type="jump" coverage="0%" />
                  </conditions>
                </line>
                <line number="36" hits="0" branch="False" />
                <line number="37" hits="0" branch="False" />
                <line number="38" hits="0" branch="False" />
                <line number="39" hits="0" branch="False" />
                <line number="41" hits="0" branch="False" />
                <line number="42" hits="0" branch="False" />
                <line number="43" hits="0" branch="False" />
                <line number="45" hits="0" branch="False" />
              </lines>
            </method>
          </methods>
          <lines>
            <line number="34" hits="0" branch="True" condition-coverage="0% (0/2)">
              <conditions>
                <condition number="35" type="jump" coverage="0%" />
              </conditions>
            </line>
            <line number="36" hits="0" branch="False" />
            <line number="37" hits="0" branch="False" />
            <line number="38" hits="0" branch="False" />
            <line number="39" hits="0" branch="False" />
            <line number="41" hits="0" branch="False" />
            <line number="42" hits="0" branch="False" />
            <line number="43" hits="0" branch="False" />
            <line number="45" hits="0" branch="False" />
          </lines>
        </class>
        <class line-rate="0" branch-rate="1" complexity="2" name="Opss.PrimaryAuthorityRegister.Web.Shared.MainLayout" filename="Web/Presentation/Opss.PrimaryAuthorityRegister.Web/Shared/MainLayout.razor">
          <methods>
            <method line-rate="0" branch-rate="1" complexity="1" name="OnAfterRenderAsync" signature="(System.Boolean)">
              <lines>
                <line number="58" hits="0" branch="False" />
                <line number="59" hits="0" branch="False" />
              </lines>
            </method>
            <method line-rate="0" branch-rate="1" complexity="1" name="&lt;BuildRenderTree&gt;b__0_2" signature="(Microsoft.AspNetCore.Components.ElementReference)">
              <lines>
                <line number="10" hits="0" branch="False" />
                <line number="11" hits="0" branch="False" />
                <line number="12" hits="0" branch="False" />
                <line number="13" hits="0" branch="False" />
                <line number="14" hits="0" branch="False" />
                <line number="15" hits="0" branch="False" />
              </lines>
            </method>
          </methods>
          <lines>
            <line number="58" hits="0" branch="False" />
            <line number="59" hits="0" branch="False" />
            <line number="10" hits="0" branch="False" />
            <line number="11" hits="0" branch="False" />
            <line number="12" hits="0" branch="False" />
            <line number="13" hits="0" branch="False" />
            <line number="14" hits="0" branch="False" />
            <line number="15" hits="0" branch="False" />
          </lines>
        </class>
        <class line-rate="1" branch-rate="0.5" complexity="4" name="Opss.PrimaryAuthorityRegister.Web.Shared.NavMenu" filename="Web/Presentation/Opss.PrimaryAuthorityRegister.Web/Shared/NavMenu.razor">
          <methods>
            <method line-rate="1" branch-rate="1" complexity="1" name="get_NavigationManager" signature="()">
              <lines>
                <line number="11" hits="4" branch="False" />
              </lines>
            </method>
            <method line-rate="1" branch-rate="1" complexity="1" name="OnInitialized" signature="()">
              <lines>
                <line number="13" hits="1" branch="False" />
              </lines>
            </method>
            <method line-rate="1" branch-rate="0.5" complexity="2" name="IsActive" signature="(System.String,Microsoft.AspNetCore.Components.Routing.NavLinkMatch)">
              <lines>
                <line number="17" hits="1" branch="False" />
                <line number="18" hits="1" branch="True" condition-coverage="50% (1/2)">
                  <conditions>
                    <condition number="30" type="jump" coverage="50%" />
                  </conditions>
                </line>
              </lines>
            </method>
          </methods>
          <lines>
            <line number="11" hits="4" branch="False" />
            <line number="13" hits="1" branch="False" />
            <line number="17" hits="1" branch="False" />
            <line number="18" hits="1" branch="True" condition-coverage="50% (1/2)">
              <conditions>
                <condition number="30" type="jump" coverage="50%" />
              </conditions>
            </line>
          </lines>
        </class>
        <class line-rate="0" branch-rate="0" complexity="7" name="Opss.PrimaryAuthorityRegister.Web.Pages.ErrorModel" filename="Web/Presentation/Opss.PrimaryAuthorityRegister.Web/Pages/Error.cshtml.cs">
          <methods>
            <method line-rate="0" branch-rate="1" complexity="1" name="get_RequestId" signature="()">
              <lines>
                <line number="11" hits="0" branch="False" />
              </lines>
            </method>
            <method line-rate="0" branch-rate="1" complexity="1" name="get_ShowRequestId" signature="()">
              <lines>
                <line number="13" hits="0" branch="False" />
              </lines>
            </method>
            <method line-rate="0" branch-rate="0" complexity="4" name="OnGet" signature="()">
              <lines>
                <line number="24" hits="0" branch="True" condition-coverage="0% (0/4)">
                  <conditions>
                    <condition number="7" type="jump" coverage="0%" />
                    <condition number="19" type="jump" coverage="0%" />
                  </conditions>
                </line>
                <line number="25" hits="0" branch="False" />
              </lines>
            </method>
            <method line-rate="0" branch-rate="1" complexity="1" name=".ctor" signature="(Microsoft.Extensions.Logging.ILogger`1&lt;Opss.PrimaryAuthorityRegister.Web.Pages.ErrorModel&gt;)">
              <lines>
                <line number="17" hits="0" branch="False" />
                <line number="19" hits="0" branch="False" />
                <line number="20" hits="0" branch="False" />
              </lines>
            </method>
          </methods>
          <lines>
            <line number="11" hits="0" branch="False" />
            <line number="13" hits="0" branch="False" />
            <line number="24" hits="0" branch="True" condition-coverage="0% (0/4)">
              <conditions>
                <condition number="7" type="jump" coverage="0%" />
                <condition number="19" type="jump" coverage="0%" />
              </conditions>
            </line>
            <line number="25" hits="0" branch="False" />
            <line number="17" hits="0" branch="False" />
            <line number="19" hits="0" branch="False" />
            <line number="20" hits="0" branch="False" />
          </lines>
        </class>
        <class line-rate="0" branch-rate="1" complexity="1" name="Opss.PrimaryAuthorityRegister.Web.Pages.Index" filename="Web/Presentation/Opss.PrimaryAuthorityRegister.Web/Pages/Index.razor">
          <methods>
            <method line-rate="0" branch-rate="1" complexity="1" name=".ctor" signature="()">
              <lines>
                <line number="33" hits="0" branch="False" />
              </lines>
            </method>
          </methods>
          <lines>
            <line number="33" hits="0" branch="False" />
          </lines>
        </class>
        <class line-rate="0" branch-rate="1" complexity="1" name="Opss.PrimaryAuthorityRegister.Web.Pages.Index/&lt;OnGetClick&gt;d__5" filename="Web/Presentation/Opss.PrimaryAuthorityRegister.Web/Pages/Index.razor">
          <methods>
            <method line-rate="0" branch-rate="1" complexity="1" name="MoveNext" signature="()">
              <lines>
                <line number="50" hits="0" branch="False" />
                <line number="52" hits="0" branch="False" />
                <line number="53" hits="0" branch="False" />
                <line number="55" hits="0" branch="False" />
                <line number="56" hits="0" branch="False" />
              </lines>
            </method>
          </methods>
          <lines>
            <line number="50" hits="0" branch="False" />
            <line number="52" hits="0" branch="False" />
            <line number="53" hits="0" branch="False" />
            <line number="55" hits="0" branch="False" />
            <line number="56" hits="0" branch="False" />
          </lines>
        </class>
        <class line-rate="0" branch-rate="1" complexity="1" name="Opss.PrimaryAuthorityRegister.Web.Pages.Index/&lt;OnPostClick&gt;d__4" filename="Web/Presentation/Opss.PrimaryAuthorityRegister.Web/Pages/Index.razor">
          <methods>
            <method line-rate="0" branch-rate="1" complexity="1" name="MoveNext" signature="()">
              <lines>
                <line number="37" hits="0" branch="False" />
                <line number="38" hits="0" branch="False" />
                <line number="40" hits="0" branch="False" />
                <line number="42" hits="0" branch="False" />
                <line number="43" hits="0" branch="False" />
                <line number="45" hits="0" branch="False" />
                <line number="46" hits="0" branch="False" />
              </lines>
            </method>
          </methods>
          <lines>
            <line number="37" hits="0" branch="False" />
            <line number="38" hits="0" branch="False" />
            <line number="40" hits="0" branch="False" />
            <line number="42" hits="0" branch="False" />
            <line number="43" hits="0" branch="False" />
            <line number="45" hits="0" branch="False" />
            <line number="46" hits="0" branch="False" />
          </lines>
        </class>
        <class line-rate="0" branch-rate="1" complexity="1" name="Opss.PrimaryAuthorityRegister.Web.Pages.Index/&lt;OnPutClick&gt;d__6" filename="Web/Presentation/Opss.PrimaryAuthorityRegister.Web/Pages/Index.razor">
          <methods>
            <method line-rate="0" branch-rate="1" complexity="1" name="MoveNext" signature="()">
              <lines>
                <line number="60" hits="0" branch="False" />
                <line number="62" hits="0" branch="False" />
                <line number="63" hits="0" branch="False" />
                <line number="65" hits="0" branch="False" />
                <line number="66" hits="0" branch="False" />
              </lines>
            </method>
          </methods>
          <lines>
            <line number="60" hits="0" branch="False" />
            <line number="62" hits="0" branch="False" />
            <line number="63" hits="0" branch="False" />
            <line number="65" hits="0" branch="False" />
            <line number="66" hits="0" branch="False" />
          </lines>
        </class>
        <class line-rate="0" branch-rate="0" complexity="2" name="Opss.PrimaryAuthorityRegister.Web.Pages.Pages__Host/&lt;ExecuteAsync&gt;d__7" filename="Web/Presentation/Opss.PrimaryAuthorityRegister.Web/Pages/_Host.cshtml">
          <methods>
            <method line-rate="0" branch-rate="0" complexity="2" name="MoveNext" signature="()">
              <lines>
                <line number="5" hits="0" branch="True" condition-coverage="0% (0/2)">
                  <conditions>
                    <condition number="349" type="jump" coverage="0%" />
                  </conditions>
                </line>
              </lines>
            </method>
          </methods>
          <lines>
            <line number="5" hits="0" branch="True" condition-coverage="0% (0/2)">
              <conditions>
                <condition number="349" type="jump" coverage="0%" />
              </conditions>
            </line>
          </lines>
        </class>
        <class line-rate="1" branch-rate="1" complexity="2" name="Opss.PrimaryAuthorityRegister.Web.Controllers.CultureController" filename="Web/Presentation/Opss.PrimaryAuthorityRegister.Web/Controllers/CultureController.cs">
          <methods>
            <method line-rate="1" branch-rate="1" complexity="2" name="Set" signature="(System.String,System.String)">
              <lines>
                <line number="11" hits="2" branch="True" condition-coverage="100% (2/2)">
                  <conditions>
                    <condition number="1" type="jump" coverage="100%" />
                  </conditions>
                </line>
                <line number="13" hits="1" branch="False" />
                <line number="14" hits="1" branch="False" />
                <line number="15" hits="1" branch="False" />
                <line number="16" hits="1" branch="False" />
                <line number="19" hits="2" branch="False" />
              </lines>
            </method>
          </methods>
          <lines>
            <line number="11" hits="2" branch="True" condition-coverage="100% (2/2)">
              <conditions>
                <condition number="1" type="jump" coverage="100%" />
              </conditions>
            </line>
            <line number="13" hits="1" branch="False" />
            <line number="14" hits="1" branch="False" />
            <line number="15" hits="1" branch="False" />
            <line number="16" hits="1" branch="False" />
            <line number="19" hits="2" branch="False" />
          </lines>
        </class>
      </classes>
    </package>
  </packages>
</coverage>